Using pre-set license
Built from '2023.1/staging' branch; Version is '2023.1.0b8 (9965205505b4) revision 10052896'; Using compiler version '192829333'; Build Type 'Release'
OS: 'Windows 11  (10.0.22621) 64bit Professional' Language: 'en' Physical Memory: 16163 MB
BatchMode: 1, IsHumanControllingUs: 0, StartBugReporterOnCrash: 0, Is64bit: 1, IsPro: 1

COMMAND LINE ARGUMENTS:
C:\Program Files\Unity 2023.1.0b8\Editor\Unity.exe
-adb2
-batchMode
-noUpm
-name
AssetImportWorker0
-projectPath
C:/Users/Darwinism/Documents/Programming/Code/HarvardEDx/cs50g/week/8/helicopter
-logFile
Logs/AssetImportWorker0.log
-srvPort
61343
Successfully changed project path to: C:/Users/Darwinism/Documents/Programming/Code/HarvardEDx/cs50g/week/8/helicopter
C:/Users/Darwinism/Documents/Programming/Code/HarvardEDx/cs50g/week/8/helicopter
[UnityMemory] Configuration Parameters - Can be set up in boot.config
    "memorysetup-bucket-allocator-granularity=16"
    "memorysetup-bucket-allocator-bucket-count=8"
    "memorysetup-bucket-allocator-block-size=33554432"
    "memorysetup-bucket-allocator-block-count=8"
    "memorysetup-main-allocator-block-size=16777216"
    "memorysetup-thread-allocator-block-size=16777216"
    "memorysetup-gfx-main-allocator-block-size=16777216"
    "memorysetup-gfx-thread-allocator-block-size=16777216"
    "memorysetup-cache-allocator-block-size=4194304"
    "memorysetup-typetree-allocator-block-size=2097152"
    "memorysetup-profiler-bucket-allocator-granularity=16"
    "memorysetup-profiler-bucket-allocator-bucket-count=8"
    "memorysetup-profiler-bucket-allocator-block-size=33554432"
    "memorysetup-profiler-bucket-allocator-block-count=8"
    "memorysetup-profiler-allocator-block-size=16777216"
    "memorysetup-profiler-editor-allocator-block-size=1048576"
    "memorysetup-temp-allocator-size-main=16777216"
    "memorysetup-job-temp-allocator-block-size=2097152"
    "memorysetup-job-temp-allocator-block-size-background=1048576"
    "memorysetup-job-temp-allocator-reduction-small-platforms=262144"
    "memorysetup-temp-allocator-size-background-worker=32768"
    "memorysetup-temp-allocator-size-job-worker=262144"
    "memorysetup-temp-allocator-size-preload-manager=33554432"
    "memorysetup-temp-allocator-size-nav-mesh-worker=65536"
    "memorysetup-temp-allocator-size-audio-worker=65536"
    "memorysetup-temp-allocator-size-cloud-worker=32768"
    "memorysetup-temp-allocator-size-gi-baking-worker=262144"
    "memorysetup-temp-allocator-size-gfx=262144"
Player connection [3948] Host "[IP] 192.168.56.1 [Port] 0 [Flags] 2 [Guid] 3207220186 [EditorId] 3207220186 [Version] 1048832 [Id] WindowsEditor(7,Pencil) [Debug] 1 [PackageName] WindowsEditor [ProjectName] Editor" joined multi-casting on [225.0.0.222:54997]...

Player connection [3948] Host "[IP] 192.168.56.1 [Port] 0 [Flags] 2 [Guid] 3207220186 [EditorId] 3207220186 [Version] 1048832 [Id] WindowsEditor(7,Pencil) [Debug] 1 [PackageName] WindowsEditor [ProjectName] Editor" joined alternative multi-casting on [225.0.0.222:34997]...

Library Redirect Path: Library/Refreshing native plugins compatible for Editor in 8.21 ms, found 2 plugins.
Preloading 0 native plugins for Editor in 0.00 ms.
Initialize engine version: 2023.1.0b8 (9965205505b4)
[Subsystems] Discovering subsystems at path C:/Program Files/Unity 2023.1.0b8/Editor/Data/Resources/UnitySubsystems
[Subsystems] Discovering subsystems at path C:/Users/Darwinism/Documents/Programming/Code/HarvardEDx/cs50g/week/8/helicopter/Assets
GfxDevice: creating device client; threaded=0; jobified=0
Direct3D:
    Version:  Direct3D 11.0 [level 11.1]
    Renderer: NVIDIA GeForce RTX 3050 Ti Laptop GPU (ID=0x25a0)
    Vendor:   NVIDIA
    VRAM:     3976 MB
    Driver:   31.0.15.2849
Initialize mono
Mono path[0] = 'C:/Program Files/Unity 2023.1.0b8/Editor/Data/Managed'
Mono path[1] = 'C:/Program Files/Unity 2023.1.0b8/Editor/Data/MonoBleedingEdge/lib/mono/unityjit-win32'
Mono config path = 'C:/Program Files/Unity 2023.1.0b8/Editor/Data/MonoBleedingEdge/etc'
Using monoOptions --debugger-agent=transport=dt_socket,embedding=1,server=y,suspend=n,address=127.0.0.1:56760
Begin MonoManager ReloadAssembly
C:\build\output\Unity-Technologies\mono\mono\metadata\icall.c:1842:
C:\build\output\Unity-Technologies\mono\mono\metadata\icall.c:1842:
C:\build\output\Unity-Technologies\mono\mono\metadata\icall.c:1842:
C:\build\output\Unity-Technologies\mono\mono\metadata\icall.c:1842:
C:\build\output\Unity-Technologies\mono\mono\metadata\icall.c:1842:
C:\build\output\Unity-Technologies\mono\mono\metadata\icall.c:1842:
C:\build\output\Unity-Technologies\mono\mono\metadata\icall.c:1842:
C:\build\output\Unity-Technologies\mono\mono\metadata\icall.c:1842:
C:\build\output\Unity-Technologies\mono\mono\metadata\icall.c:1842:
C:\build\output\Unity-Technologies\mono\mono\metadata\icall.c:1842:
Registering precompiled unity dll's ...
Register platform support module: C:/Program Files/Unity 2023.1.0b8/Editor/Data/PlaybackEngines/WindowsStandaloneSupport/UnityEditor.WindowsStandalone.Extensions.dll
Registered in 0.002254 seconds.
- Loaded All Assemblies, in  0.449 seconds
Native extension for WindowsStandalone target not found
Mono: successfully reloaded assembly
C:\build\output\Unity-Technologies\mono\mono\metadata\icall.c:1842:
C:\build\output\Unity-Technologies\mono\mono\metadata\icall.c:1842:
- Finished resetting the current domain, in  0.390 seconds
Domain Reload Profiling: 838ms
	BeginReloadAssembly (145ms)
		ExecutionOrderSort (0ms)
		DisableScriptedObjects (0ms)
		BackupInstance (0ms)
		ReleaseScriptingObjects (0ms)
		CreateAndSetChildDomain (1ms)
	RebuildCommonClasses (52ms)
	RebuildNativeTypeToScriptingClass (12ms)
	initialDomainReloadingComplete (52ms)
	LoadAllAssembliesAndSetupDomain (186ms)
		LoadAssemblies (141ms)
		RebuildTransferFunctionScriptingTraits (0ms)
		AnalyzeDomain (181ms)
			TypeCache.Refresh (179ms)
				TypeCache.ScanAssembly (164ms)
			ScanForSourceGeneratedMonoScriptInfo (1ms)
			ResolveRequiredComponents (1ms)
	FinalizeReload (391ms)
		ReleaseScriptCaches (0ms)
		RebuildScriptCaches (0ms)
		SetupLoadedEditorAssemblies (327ms)
			LogAssemblyErrors (0ms)
			InitializePlatformSupportModulesInManaged (10ms)
			SetLoadedEditorAssemblies (5ms)
			BeforeProcessingInitializeOnLoad (7ms)
			ProcessInitializeOnLoadAttributes (230ms)
			ProcessInitializeOnLoadMethodAttributes (75ms)
			AfterProcessingInitializeOnLoad (0ms)
			EditorAssembliesLoaded (0ms)
		ExecutionOrderSort2 (0ms)
		AwakeInstancesAfterBackupRestoration (0ms)
========================================================================
Worker process is ready to serve import requests
Import Worker Mode flag is 0x00
Begin MonoManager ReloadAssembly
C:\build\output\Unity-Technologies\mono\mono\metadata\icall.c:1842:
C:\build\output\Unity-Technologies\mono\mono\metadata\icall.c:1842:
C:\build\output\Unity-Technologies\mono\mono\metadata\icall.c:1842:
C:\build\output\Unity-Technologies\mono\mono\metadata\icall.c:1842:
C:\build\output\Unity-Technologies\mono\mono\metadata\icall.c:1842:
C:\build\output\Unity-Technologies\mono\mono\metadata\icall.c:1842:
C:\build\output\Unity-Technologies\mono\mono\metadata\icall.c:1842:
C:\build\output\Unity-Technologies\mono\mono\metadata\icall.c:1842:
C:\build\output\Unity-Technologies\mono\mono\metadata\icall.c:1842:
C:\build\output\Unity-Technologies\mono\mono\metadata\icall.c:1842:
C:\build\output\Unity-Technologies\mono\mono\metadata\icall.c:1842:
C:\build\output\Unity-Technologies\mono\mono\metadata\icall.c:1842:
- Loaded All Assemblies, in  1.295 seconds
Refreshing native plugins compatible for Editor in 20.02 ms, found 2 plugins.
Native extension for WindowsStandalone target not found
Mono: successfully reloaded assembly
- Finished resetting the current domain, in  1.055 seconds
Domain Reload Profiling: 2346ms
	BeginReloadAssembly (403ms)
		ExecutionOrderSort (0ms)
		DisableScriptedObjects (7ms)
		BackupInstance (0ms)
		ReleaseScriptingObjects (0ms)
		CreateAndSetChildDomain (49ms)
	RebuildCommonClasses (57ms)
	RebuildNativeTypeToScriptingClass (19ms)
	initialDomainReloadingComplete (54ms)
	LoadAllAssembliesAndSetupDomain (758ms)
		LoadAssemblies (447ms)
		RebuildTransferFunctionScriptingTraits (0ms)
		AnalyzeDomain (424ms)
			TypeCache.Refresh (388ms)
				TypeCache.ScanAssembly (357ms)
			ScanForSourceGeneratedMonoScriptInfo (26ms)
			ResolveRequiredComponents (8ms)
	FinalizeReload (1055ms)
		ReleaseScriptCaches (0ms)
		RebuildScriptCaches (0ms)
		SetupLoadedEditorAssemblies (694ms)
			LogAssemblyErrors (0ms)
			InitializePlatformSupportModulesInManaged (7ms)
			SetLoadedEditorAssemblies (6ms)
			BeforeProcessingInitializeOnLoad (136ms)
			ProcessInitializeOnLoadAttributes (333ms)
			ProcessInitializeOnLoadMethodAttributes (210ms)
			AfterProcessingInitializeOnLoad (3ms)
			EditorAssembliesLoaded (0ms)
		ExecutionOrderSort2 (0ms)
		AwakeInstancesAfterBackupRestoration (6ms)
Launched and connected shader compiler UnityShaderCompiler.exe after 0.03 seconds
Refreshing native plugins compatible for Editor in 13.36 ms, found 2 plugins.
Preloading 0 native plugins for Editor in 0.00 ms.
Unloading 2423 Unused Serialized files (Serialized files now loaded: 0)
Unloading 61 unused Assets / (64.4 KB). Loaded Objects now: 2944.
Memory consumption went from 110.5 MB to 110.4 MB.
Total: 20.872100 ms (FindLiveObjects: 0.316700 ms CreateObjectMapping: 0.281000 ms MarkObjects: 19.929900 ms  DeleteObjects: 0.341700 ms)

AssetImportParameters requested are different than current active one (requested -> active):
  custom:container-demuxer-ogg: 62fdf1f143b41e24485cea50d1cbac27 -> 
  custom:framework-win-MediaFoundation: 216162199b28c13a410421893ffa2e32 -> 
  custom:video-decoder-webm-vp8: 9c59270c3fd7afecdb556c50c9e8de78 -> 
  custom:audio-encoder-webm-vorbis: bf7c407c2cedff20999df2af8eb42d56 -> 
  custom:video-decoder-ogg-theora: a1e56fd34408186e4bbccfd4996cb3dc -> 
  custom:container-muxer-webm: aa71ff27fc2769a1b78a27578f13a17b -> 
  custom:AudioImporter_EditorPlatform: d09bf68614088b80899f8185d706f6e7 -> 
  custom:audio-decoder-ogg-vorbis: bf7c407c2cedff20999df2af8eb42d56 -> 
  custom:video-codec-MediaFoundation-h265: 746d11721c4dcdbdad8f713fa42b33f4 -> 
  custom:container-demuxer-webm: 4f35f7cbe854078d1ac9338744f61a02 -> 
  custom:video-encoder-webm-vp8: eb34c28f22e8b96e1ab97ce403110664 -> 
========================================================================
Received Import Request.
  Time since last request: 467932.820246 seconds.
  path: Assets/ProtoPack/Models/Chest.FBX
  artifactKey: Guid(968ba461c44901f4e833fef979b48c1d) Importer(815301076,1909f56bfc062723c751e8b465ee728b)
Start importing Assets/ProtoPack/Models/Chest.FBX using Guid(968ba461c44901f4e833fef979b48c1d) Importer(815301076,1909f56bfc062723c751e8b465ee728b)  -> (artifact id: 'ea2aee881fee6c9a884c29047a92dc10') in 0.658945 seconds 
Number of updated asset objects reloaded before import = 0
Number of asset objects unloaded after import = 14
========================================================================
Received Import Request.
  Time since last request: 0.000046 seconds.
  path: Assets/ProtoPack/Models/Platform.FBX
  artifactKey: Guid(e5213d2b0ce6b3348a4de67ed70a3354) Importer(815301076,1909f56bfc062723c751e8b465ee728b)
Start importing Assets/ProtoPack/Models/Platform.FBX using Guid(e5213d2b0ce6b3348a4de67ed70a3354) Importer(815301076,1909f56bfc062723c751e8b465ee728b)  -> (artifact id: '3973f492608c09b5f3242b982ecb9ff1') in 0.037525 seconds 
Number of updated asset objects reloaded before import = 0
Number of asset objects unloaded after import = 9
========================================================================
Received Import Request.
  Time since last request: 0.000207 seconds.
  path: Assets/ProtoPack/Models/Slime.FBX
  artifactKey: Guid(7e3d6ebb5622ed143bb0ec54f991078c) Importer(815301076,1909f56bfc062723c751e8b465ee728b)
Start importing Assets/ProtoPack/Models/Slime.FBX using Guid(7e3d6ebb5622ed143bb0ec54f991078c) Importer(815301076,1909f56bfc062723c751e8b465ee728b)  -> (artifact id: '8a16415000412f5d221238bb3ea52aab') in 0.048849 seconds 
Number of updated asset objects reloaded before import = 0
Number of asset objects unloaded after import = 25
========================================================================
Received Import Request.
  Time since last request: 0.000021 seconds.
  path: Assets/ProtoPack/Models
  artifactKey: Guid(60b5f46ad95a70e4b9ee8c0a4096470c) Importer(815301076,1909f56bfc062723c751e8b465ee728b)
Start importing Assets/ProtoPack/Models using Guid(60b5f46ad95a70e4b9ee8c0a4096470c) Importer(815301076,1909f56bfc062723c751e8b465ee728b)  -> (artifact id: 'd039ff6100d8b331e08d23b965962142') in 0.001004 seconds 
Number of updated asset objects reloaded before import = 0
Number of asset objects unloaded after import = 0
========================================================================
Received Import Request.
  Time since last request: 0.000133 seconds.
  path: Assets/ProtoPack/Models/Door.FBX
  artifactKey: Guid(5438421d231bc3f44868b132bb96cb9d) Importer(815301076,1909f56bfc062723c751e8b465ee728b)
Start importing Assets/ProtoPack/Models/Door.FBX using Guid(5438421d231bc3f44868b132bb96cb9d) Importer(815301076,1909f56bfc062723c751e8b465ee728b)  -> (artifact id: 'f998dbc4c911963fabcb88a52b73fa0b') in 0.070181 seconds 
Number of updated asset objects reloaded before import = 0
Number of asset objects unloaded after import = 21
========================================================================
Received Import Request.
  Time since last request: 0.002609 seconds.
  path: Assets/ProtoPack/Models/Rock.FBX
  artifactKey: Guid(c68c766b8f7aca14a896d93baa9f89ea) Importer(815301076,1909f56bfc062723c751e8b465ee728b)
Start importing Assets/ProtoPack/Models/Rock.FBX using Guid(c68c766b8f7aca14a896d93baa9f89ea) Importer(815301076,1909f56bfc062723c751e8b465ee728b)  -> (artifact id: 'd2c44a05bb1d791ea0f92c0ebaf2251c') in 0.037997 seconds 
Number of updated asset objects reloaded before import = 0
Number of asset objects unloaded after import = 9
========================================================================
Received Import Request.
  Time since last request: 0.000067 seconds.
  path: Assets/ProtoPack/Models/Wall.FBX
  artifactKey: Guid(fa84c29147aa6f74a8306d49bcc8edae) Importer(815301076,1909f56bfc062723c751e8b465ee728b)
Start importing Assets/ProtoPack/Models/Wall.FBX using Guid(fa84c29147aa6f74a8306d49bcc8edae) Importer(815301076,1909f56bfc062723c751e8b465ee728b)  -> (artifact id: 'e30c4deda404a2aff03d3f4f1d4fc6f2') in 0.029754 seconds 
Number of updated asset objects reloaded before import = 0
Number of asset objects unloaded after import = 9
========================================================================
Received Import Request.
  Time since last request: 0.000021 seconds.
  path: Assets/ProtoPack/Models/Crate.FBX
  artifactKey: Guid(3d2f3fd0c27d95640a50ed721dc46993) Importer(815301076,1909f56bfc062723c751e8b465ee728b)
Start importing Assets/ProtoPack/Models/Crate.FBX using Guid(3d2f3fd0c27d95640a50ed721dc46993) Importer(815301076,1909f56bfc062723c751e8b465ee728b)  -> (artifact id: '8808d86d6107e54cf24a7110ebbd8a2d') in 0.031788 seconds 
Number of updated asset objects reloaded before import = 0
Number of asset objects unloaded after import = 9
========================================================================
Received Import Request.
  Time since last request: 0.000020 seconds.
  path: Assets/ProtoPack/Models/Key.FBX
  artifactKey: Guid(698967a7c6700364db4557c6d4ddc982) Importer(815301076,1909f56bfc062723c751e8b465ee728b)
Start importing Assets/ProtoPack/Models/Key.FBX using Guid(698967a7c6700364db4557c6d4ddc982) Importer(815301076,1909f56bfc062723c751e8b465ee728b)  -> (artifact id: 'eb57a015f1beaa928fa73a497c1f95a0') in 0.023074 seconds 
Number of updated asset objects reloaded before import = 0
Number of asset objects unloaded after import = 9
========================================================================
Received Import Request.
  Time since last request: 0.000031 seconds.
  path: Assets/ProtoPack/Models/Diamond.FBX
  artifactKey: Guid(817ad5138c5141641975ddebe9453849) Importer(815301076,1909f56bfc062723c751e8b465ee728b)
Start importing Assets/ProtoPack/Models/Diamond.FBX using Guid(817ad5138c5141641975ddebe9453849) Importer(815301076,1909f56bfc062723c751e8b465ee728b)  -> (artifact id: '6e5bae081b8457d140cd58a859bf715a') in 0.260147 seconds 
Number of updated asset objects reloaded before import = 0
Number of asset objects unloaded after import = 9
========================================================================
Received Prepare
Begin MonoManager ReloadAssembly
C:\build\output\Unity-Technologies\mono\mono\metadata\icall.c:1842:
C:\build\output\Unity-Technologies\mono\mono\metadata\icall.c:1842:
C:\build\output\Unity-Technologies\mono\mono\metadata\icall.c:1842:
C:\build\output\Unity-Technologies\mono\mono\metadata\icall.c:1842:
C:\build\output\Unity-Technologies\mono\mono\metadata\icall.c:1842:
C:\build\output\Unity-Technologies\mono\mono\metadata\icall.c:1842:
C:\build\output\Unity-Technologies\mono\mono\metadata\icall.c:1842:
C:\build\output\Unity-Technologies\mono\mono\metadata\icall.c:1842:
C:\build\output\Unity-Technologies\mono\mono\metadata\icall.c:1842:
C:\build\output\Unity-Technologies\mono\mono\metadata\icall.c:1842:
C:\build\output\Unity-Technologies\mono\mono\metadata\icall.c:1842:
C:\build\output\Unity-Technologies\mono\mono\metadata\icall.c:1842:
- Loaded All Assemblies, in  0.926 seconds
Refreshing native plugins compatible for Editor in 5.80 ms, found 2 plugins.
Native extension for WindowsStandalone target not found
Cancelling DisplayDialogComplex: Mobile Dependency Resolver required Mediation requires Mobile Dependency Resolver to resolve native dependencies.
 Would you like to import the package?
This should not be called in batch mode.
UnityEngine.StackTraceUtility:ExtractStackTrace ()
UnityEditor.EditorUtility:DisplayDialogComplex (string,string,string,string,string)
MobileDependencyResolver.Installer.Editor.MobileDependencyResolverInstaller:AskUserToInstallPackage () (at ./Library/PackageCache/com.unity.services.mediation@1.0.5/MobileDependencyResolver/Editor/MobileDependencyResolverInstaller.cs:38)
MobileDependencyResolver.Installer.Editor.MobileDependencyResolverInstaller:InstallPlayServicesResolverIfNeeded () (at ./Library/PackageCache/com.unity.services.mediation@1.0.5/MobileDependencyResolver/Editor/MobileDependencyResolverInstaller.cs:23)
System.Reflection.RuntimeMethodInfo:Invoke (object,System.Reflection.BindingFlags,System.Reflection.Binder,object[],System.Globalization.CultureInfo)
System.Reflection.MethodBase:Invoke (object,object[])
UnityEditor.EditorAssemblies:ProcessInitializeOnLoadMethodAttributes ()

[./Library/PackageCache/com.unity.services.mediation@1.0.5/MobileDependencyResolver/Editor/MobileDependencyResolverInstaller.cs line 38]

Mono: successfully reloaded assembly
- Finished resetting the current domain, in  1.113 seconds
Domain Reload Profiling: 2038ms
	BeginReloadAssembly (434ms)
		ExecutionOrderSort (0ms)
		DisableScriptedObjects (7ms)
		BackupInstance (0ms)
		ReleaseScriptingObjects (0ms)
		CreateAndSetChildDomain (59ms)
	RebuildCommonClasses (29ms)
	RebuildNativeTypeToScriptingClass (11ms)
	initialDomainReloadingComplete (19ms)
	LoadAllAssembliesAndSetupDomain (431ms)
		LoadAssemblies (276ms)
		RebuildTransferFunctionScriptingTraits (0ms)
		AnalyzeDomain (243ms)
			TypeCache.Refresh (222ms)
				TypeCache.ScanAssembly (209ms)
			ScanForSourceGeneratedMonoScriptInfo (18ms)
			ResolveRequiredComponents (2ms)
	FinalizeReload (1114ms)
		ReleaseScriptCaches (0ms)
		RebuildScriptCaches (0ms)
		SetupLoadedEditorAssemblies (655ms)
			LogAssemblyErrors (0ms)
			InitializePlatformSupportModulesInManaged (6ms)
			SetLoadedEditorAssemblies (5ms)
			BeforeProcessingInitializeOnLoad (104ms)
			ProcessInitializeOnLoadAttributes (323ms)
			ProcessInitializeOnLoadMethodAttributes (213ms)
			AfterProcessingInitializeOnLoad (4ms)
			EditorAssembliesLoaded (0ms)
		ExecutionOrderSort2 (0ms)
		AwakeInstancesAfterBackupRestoration (9ms)
Script is not up to date after domain reload: guid(97738b29c18143b0a469277b09d35889) path("Assets/MobileDependencyResolver/Editor/Google.JarResolver.dll") state(2)
Script is not up to date after domain reload: guid(a1e8415cfe85469f9aa0aea941166031) path("Assets/MobileDependencyResolver/Editor/Google.IOSResolver.dll") state(2)
Script is not up to date after domain reload: guid(369cd88e7aa04bd98e0f6c229f7c1510) path("Assets/MobileDependencyResolver/Editor/Google.VersionHandlerImpl.dll") state(2)
Script is not up to date after domain reload: guid(bb6999c8a5ce4ba99688ec579babe5b7) path("Assets/MobileDependencyResolver/Editor/Google.VersionHandler.dll") state(2)
Refreshing native plugins compatible for Editor in 7.96 ms, found 2 plugins.
Preloading 0 native plugins for Editor in 0.00 ms.
Unloading 2495 Unused Serialized files (Serialized files now loaded: 0)
Unloading 59 unused Assets / (47.5 KB). Loaded Objects now: 3122.
Memory consumption went from 112.5 MB to 112.5 MB.
Total: 12.207400 ms (FindLiveObjects: 0.854600 ms CreateObjectMapping: 0.085500 ms MarkObjects: 11.151900 ms  DeleteObjects: 0.113200 ms)

Prepare: number of updated asset objects reloaded= 0
AssetImportParameters requested are different than current active one (requested -> active):
  custom:container-demuxer-ogg: 62fdf1f143b41e24485cea50d1cbac27 -> 
  custom:framework-win-MediaFoundation: 216162199b28c13a410421893ffa2e32 -> 
  custom:video-decoder-webm-vp8: 9c59270c3fd7afecdb556c50c9e8de78 -> 
  custom:audio-encoder-webm-vorbis: bf7c407c2cedff20999df2af8eb42d56 -> 
  custom:video-decoder-ogg-theora: a1e56fd34408186e4bbccfd4996cb3dc -> 
  custom:container-muxer-webm: aa71ff27fc2769a1b78a27578f13a17b -> 
  custom:AudioImporter_EditorPlatform: d09bf68614088b80899f8185d706f6e7 -> 
  custom:audio-decoder-ogg-vorbis: bf7c407c2cedff20999df2af8eb42d56 -> 
  custom:video-codec-MediaFoundation-h265: 746d11721c4dcdbdad8f713fa42b33f4 -> 
  custom:container-demuxer-webm: 4f35f7cbe854078d1ac9338744f61a02 -> 
  custom:video-encoder-webm-vp8: eb34c28f22e8b96e1ab97ce403110664 -> 
========================================================================
Received Prepare
Begin MonoManager ReloadAssembly
C:\build\output\Unity-Technologies\mono\mono\metadata\icall.c:1842:
C:\build\output\Unity-Technologies\mono\mono\metadata\icall.c:1842:
C:\build\output\Unity-Technologies\mono\mono\metadata\icall.c:1842:
C:\build\output\Unity-Technologies\mono\mono\metadata\icall.c:1842:
C:\build\output\Unity-Technologies\mono\mono\metadata\icall.c:1842:
C:\build\output\Unity-Technologies\mono\mono\metadata\icall.c:1842:
C:\build\output\Unity-Technologies\mono\mono\metadata\icall.c:1842:
C:\build\output\Unity-Technologies\mono\mono\metadata\icall.c:1842:
C:\build\output\Unity-Technologies\mono\mono\metadata\icall.c:1842:
C:\build\output\Unity-Technologies\mono\mono\metadata\icall.c:1842:
C:\build\output\Unity-Technologies\mono\mono\metadata\icall.c:1842:
C:\build\output\Unity-Technologies\mono\mono\metadata\icall.c:1842:
- Loaded All Assemblies, in  0.947 seconds
Refreshing native plugins compatible for Editor in 6.23 ms, found 2 plugins.
Native extension for WindowsStandalone target not found
Mono: successfully reloaded assembly
- Finished resetting the current domain, in  0.864 seconds
Domain Reload Profiling: 1809ms
	BeginReloadAssembly (432ms)
		ExecutionOrderSort (0ms)
		DisableScriptedObjects (9ms)
		BackupInstance (0ms)
		ReleaseScriptingObjects (0ms)
		CreateAndSetChildDomain (60ms)
	RebuildCommonClasses (32ms)
	RebuildNativeTypeToScriptingClass (10ms)
	initialDomainReloadingComplete (20ms)
	LoadAllAssembliesAndSetupDomain (450ms)
		LoadAssemblies (280ms)
		RebuildTransferFunctionScriptingTraits (0ms)
		AnalyzeDomain (250ms)
			TypeCache.Refresh (231ms)
				TypeCache.ScanAssembly (217ms)
			ScanForSourceGeneratedMonoScriptInfo (16ms)
			ResolveRequiredComponents (3ms)
	FinalizeReload (864ms)
		ReleaseScriptCaches (0ms)
		RebuildScriptCaches (0ms)
		SetupLoadedEditorAssemblies (437ms)
			LogAssemblyErrors (0ms)
			InitializePlatformSupportModulesInManaged (6ms)
			SetLoadedEditorAssemblies (4ms)
			BeforeProcessingInitializeOnLoad (71ms)
			ProcessInitializeOnLoadAttributes (204ms)
			ProcessInitializeOnLoadMethodAttributes (149ms)
			AfterProcessingInitializeOnLoad (2ms)
			EditorAssembliesLoaded (0ms)
		ExecutionOrderSort2 (0ms)
		AwakeInstancesAfterBackupRestoration (6ms)
Refreshing native plugins compatible for Editor in 5.90 ms, found 2 plugins.
Preloading 0 native plugins for Editor in 0.00 ms.
Unloading 2499 Unused Serialized files (Serialized files now loaded: 0)
Unloading 62 unused Assets / (48.0 KB). Loaded Objects now: 3131.
Memory consumption went from 114.3 MB to 114.2 MB.
Total: 6.629000 ms (FindLiveObjects: 0.228300 ms CreateObjectMapping: 0.068600 ms MarkObjects: 6.244000 ms  DeleteObjects: 0.086900 ms)

Prepare: number of updated asset objects reloaded= 0
AssetImportParameters requested are different than current active one (requested -> active):
  custom:container-demuxer-ogg: 62fdf1f143b41e24485cea50d1cbac27 -> 
  custom:framework-win-MediaFoundation: 216162199b28c13a410421893ffa2e32 -> 
  custom:video-decoder-webm-vp8: 9c59270c3fd7afecdb556c50c9e8de78 -> 
  custom:audio-encoder-webm-vorbis: bf7c407c2cedff20999df2af8eb42d56 -> 
  custom:video-decoder-ogg-theora: a1e56fd34408186e4bbccfd4996cb3dc -> 
  custom:container-muxer-webm: aa71ff27fc2769a1b78a27578f13a17b -> 
  custom:AudioImporter_EditorPlatform: d09bf68614088b80899f8185d706f6e7 -> 
  custom:audio-decoder-ogg-vorbis: bf7c407c2cedff20999df2af8eb42d56 -> 
  custom:video-codec-MediaFoundation-h265: 746d11721c4dcdbdad8f713fa42b33f4 -> 
  custom:container-demuxer-webm: 4f35f7cbe854078d1ac9338744f61a02 -> 
  custom:video-encoder-webm-vp8: eb34c28f22e8b96e1ab97ce403110664 -> 
========================================================================
Received Import Request.
  Time since last request: 620.336762 seconds.
  path: Assets/ProtoPack/Materials/ChestTexture.mat
  artifactKey: Guid(17dcc53c0cc6a98479ce186390a40d48) Importer(815301076,1909f56bfc062723c751e8b465ee728b)
Start importing Assets/ProtoPack/Materials/ChestTexture.mat using Guid(17dcc53c0cc6a98479ce186390a40d48) Importer(815301076,1909f56bfc062723c751e8b465ee728b)  -> (artifact id: '11edf441152ea83210e9e8fc8a9ad246') in 0.115501 seconds 
Number of updated asset objects reloaded before import = 0
Number of asset objects unloaded after import = 2
========================================================================
Received Import Request.
  Time since last request: 0.000026 seconds.
  path: Assets/ProtoPack/Materials/DoorTexture.mat
  artifactKey: Guid(720221bdc05ef524189a1e5346db6b72) Importer(815301076,1909f56bfc062723c751e8b465ee728b)
Start importing Assets/ProtoPack/Materials/DoorTexture.mat using Guid(720221bdc05ef524189a1e5346db6b72) Importer(815301076,1909f56bfc062723c751e8b465ee728b)  -> (artifact id: 'de48cff81bf0574daa6f2b27b8cde302') in 0.022610 seconds 
Number of updated asset objects reloaded before import = 0
Number of asset objects unloaded after import = 2
========================================================================
Received Import Request.
  Time since last request: 0.000040 seconds.
  path: Assets/ProtoPack/Materials/WallTexture.mat
  artifactKey: Guid(8f81960a975922c4988f3c4425f40cce) Importer(815301076,1909f56bfc062723c751e8b465ee728b)
Start importing Assets/ProtoPack/Materials/WallTexture.mat using Guid(8f81960a975922c4988f3c4425f40cce) Importer(815301076,1909f56bfc062723c751e8b465ee728b)  -> (artifact id: '40543e6393193b2c31d23aa0159776ac') in 0.036046 seconds 
Number of updated asset objects reloaded before import = 0
Number of asset objects unloaded after import = 2
========================================================================
Received Import Request.
  Time since last request: 0.000018 seconds.
  path: Assets/ProtoPack/Materials/WallTextureGreen.mat
  artifactKey: Guid(377efe5b5b9db02468a0a3758bb104b4) Importer(815301076,1909f56bfc062723c751e8b465ee728b)
Start importing Assets/ProtoPack/Materials/WallTextureGreen.mat using Guid(377efe5b5b9db02468a0a3758bb104b4) Importer(815301076,1909f56bfc062723c751e8b465ee728b)  -> (artifact id: '711429523386a6a46696f053ac2a3d8e') in 0.034754 seconds 
Number of updated asset objects reloaded before import = 0
Number of asset objects unloaded after import = 2
========================================================================
Received Import Request.
  Time since last request: 0.000024 seconds.
  path: Assets/ProtoPack/Materials/WallTextureYellow.mat
  artifactKey: Guid(b835809e15906ac4c9a230e656be0792) Importer(815301076,1909f56bfc062723c751e8b465ee728b)
Start importing Assets/ProtoPack/Materials/WallTextureYellow.mat using Guid(b835809e15906ac4c9a230e656be0792) Importer(815301076,1909f56bfc062723c751e8b465ee728b)  -> (artifact id: '8ee770afd62cc4f5adefbde767a16bf0') in 0.032544 seconds 
Number of updated asset objects reloaded before import = 0
Number of asset objects unloaded after import = 2
========================================================================
Received Import Request.
  Time since last request: 0.000023 seconds.
  path: Assets/ProtoPack/Materials/WallTextureBlack.mat
  artifactKey: Guid(53258ed5d478d95409e076835c2984b4) Importer(815301076,1909f56bfc062723c751e8b465ee728b)
Start importing Assets/ProtoPack/Materials/WallTextureBlack.mat using Guid(53258ed5d478d95409e076835c2984b4) Importer(815301076,1909f56bfc062723c751e8b465ee728b)  -> (artifact id: 'c7882dbe66d81eaaf6268181bebb80c2') in 0.026701 seconds 
Number of updated asset objects reloaded before import = 0
Number of asset objects unloaded after import = 2
========================================================================
Received Import Request.
  Time since last request: 0.000029 seconds.
  path: Assets/ProtoPack/Materials/GreenFloor.mat
  artifactKey: Guid(6fb9fd85d30a17e4d980c042c42d2305) Importer(815301076,1909f56bfc062723c751e8b465ee728b)
Start importing Assets/ProtoPack/Materials/GreenFloor.mat using Guid(6fb9fd85d30a17e4d980c042c42d2305) Importer(815301076,1909f56bfc062723c751e8b465ee728b)  -> (artifact id: '95b1e33b2008504affdf553c92773518') in 0.016833 seconds 
Number of updated asset objects reloaded before import = 0
Number of asset objects unloaded after import = 1
========================================================================
Received Import Request.
  Time since last request: 0.000029 seconds.
  path: Assets/ProtoPack/Materials/SignpostTexture.mat
  artifactKey: Guid(9f9445f7468c57449bd7eea117683f62) Importer(815301076,1909f56bfc062723c751e8b465ee728b)
Start importing Assets/ProtoPack/Materials/SignpostTexture.mat using Guid(9f9445f7468c57449bd7eea117683f62) Importer(815301076,1909f56bfc062723c751e8b465ee728b)  -> (artifact id: 'b349b0e8b5ff3f633044cbb438837b92') in 0.018777 seconds 
Number of updated asset objects reloaded before import = 0
Number of asset objects unloaded after import = 2
========================================================================
Received Import Request.
  Time since last request: 0.000025 seconds.
  path: Assets/ProtoPack/Materials/DiamondTexture.mat
  artifactKey: Guid(701e58a0f5c4a754c9a71e291b9d2935) Importer(815301076,1909f56bfc062723c751e8b465ee728b)
Start importing Assets/ProtoPack/Materials/DiamondTexture.mat using Guid(701e58a0f5c4a754c9a71e291b9d2935) Importer(815301076,1909f56bfc062723c751e8b465ee728b)  -> (artifact id: 'd079f55b444bc0a6640a9f1236b5951e') in 0.019021 seconds 
Number of updated asset objects reloaded before import = 0
Number of asset objects unloaded after import = 2
========================================================================
Received Import Request.
  Time since last request: 0.000022 seconds.
  path: Assets/ProtoPack/Materials/RockTexture.mat
  artifactKey: Guid(7206ac545f2f7f34b81f2de8761fac0e) Importer(815301076,1909f56bfc062723c751e8b465ee728b)
Start importing Assets/ProtoPack/Materials/RockTexture.mat using Guid(7206ac545f2f7f34b81f2de8761fac0e) Importer(815301076,1909f56bfc062723c751e8b465ee728b)  -> (artifact id: '1cf5ab7c18facc3c523c988c3c491e53') in 0.015853 seconds 
Number of updated asset objects reloaded before import = 0
Number of asset objects unloaded after import = 2
========================================================================
Received Import Request.
  Time since last request: 0.000082 seconds.
  path: Assets/ProtoPack/Materials/WallTextureWhite.mat
  artifactKey: Guid(7bda9f459f10ff149a228d9a2e8e87bb) Importer(815301076,1909f56bfc062723c751e8b465ee728b)
Start importing Assets/ProtoPack/Materials/WallTextureWhite.mat using Guid(7bda9f459f10ff149a228d9a2e8e87bb) Importer(815301076,1909f56bfc062723c751e8b465ee728b)  -> (artifact id: '72a1f8713f5a922dd7bcdca21757812f') in 0.020118 seconds 
Number of updated asset objects reloaded before import = 0
Number of asset objects unloaded after import = 2
========================================================================
Received Import Request.
  Time since last request: 0.000022 seconds.
  path: Assets/ProtoPack/Materials/MacheteTexture.mat
  artifactKey: Guid(400ca79f718222445b166ca9e98571c7) Importer(815301076,1909f56bfc062723c751e8b465ee728b)
Start importing Assets/ProtoPack/Materials/MacheteTexture.mat using Guid(400ca79f718222445b166ca9e98571c7) Importer(815301076,1909f56bfc062723c751e8b465ee728b)  -> (artifact id: '9b9ca3861f83db7844c3ad87545a15f9') in 0.018572 seconds 
Number of updated asset objects reloaded before import = 0
Number of asset objects unloaded after import = 2
========================================================================
Received Import Request.
  Time since last request: 0.000047 seconds.
  path: Assets/ProtoPack/Materials/StarTexture.mat
  artifactKey: Guid(6a05913d921805c4481978aa27606244) Importer(815301076,1909f56bfc062723c751e8b465ee728b)
Start importing Assets/ProtoPack/Materials/StarTexture.mat using Guid(6a05913d921805c4481978aa27606244) Importer(815301076,1909f56bfc062723c751e8b465ee728b)  -> (artifact id: 'a184a1495a6eb5fc4e42ebc8893d3bfe') in 0.017402 seconds 
Number of updated asset objects reloaded before import = 0
Number of asset objects unloaded after import = 2
========================================================================
Received Import Request.
  Time since last request: 1.160543 seconds.
  path: Assets/ProtoPack/Materials/Textures/ChestTexture.png
  artifactKey: Guid(70e8d415bec95e846a1257345f60865a) Importer(815301076,1909f56bfc062723c751e8b465ee728b)
Start importing Assets/ProtoPack/Materials/Textures/ChestTexture.png using Guid(70e8d415bec95e846a1257345f60865a) Importer(815301076,1909f56bfc062723c751e8b465ee728b)  -> (artifact id: '6310b527874ca07acd3e5bc709de7562') in 0.018930 seconds 
Number of updated asset objects reloaded before import = 0
Number of asset objects unloaded after import = 2
========================================================================
Received Import Request.
  Time since last request: 0.000032 seconds.
  path: Assets/ProtoPack/Materials/Textures/MacheteTexture.png
  artifactKey: Guid(6be426f8d853b2242b45a43c6a54157e) Importer(815301076,1909f56bfc062723c751e8b465ee728b)
Start importing Assets/ProtoPack/Materials/Textures/MacheteTexture.png using Guid(6be426f8d853b2242b45a43c6a54157e) Importer(815301076,1909f56bfc062723c751e8b465ee728b)  -> (artifact id: '7de8c0193ba4c1b7438495692f76fbdd') in 0.011964 seconds 
Number of updated asset objects reloaded before import = 0
Number of asset objects unloaded after import = 2
========================================================================
Received Import Request.
  Time since last request: 0.000020 seconds.
  path: Assets/ProtoPack/Materials/Textures/SlimeTexture.png
  artifactKey: Guid(9519de94d6b68564db27ab49dbe88a81) Importer(815301076,1909f56bfc062723c751e8b465ee728b)
Start importing Assets/ProtoPack/Materials/Textures/SlimeTexture.png using Guid(9519de94d6b68564db27ab49dbe88a81) Importer(815301076,1909f56bfc062723c751e8b465ee728b)  -> (artifact id: '7d279ed2cfa7eec3296d66cdf3212c87') in 0.015827 seconds 
Number of updated asset objects reloaded before import = 0
Number of asset objects unloaded after import = 2
========================================================================
Received Import Request.
  Time since last request: 0.000075 seconds.
  path: Assets/ProtoPack/Materials/Textures/HeartTexture.png
  artifactKey: Guid(0101fd81024887f45a853202b1c9d9eb) Importer(815301076,1909f56bfc062723c751e8b465ee728b)
Start importing Assets/ProtoPack/Materials/Textures/HeartTexture.png using Guid(0101fd81024887f45a853202b1c9d9eb) Importer(815301076,1909f56bfc062723c751e8b465ee728b)  -> (artifact id: '06fee43a6982274d6fb64f4f73b18cef') in 0.012662 seconds 
Number of updated asset objects reloaded before import = 0
Number of asset objects unloaded after import = 2
========================================================================
Received Import Request.
  Time since last request: 0.000108 seconds.
  path: Assets/ProtoPack/Materials/Textures/WallCornerTextureW.png
  artifactKey: Guid(34419113d7e0f5d49a992efd36d67679) Importer(815301076,1909f56bfc062723c751e8b465ee728b)
Start importing Assets/ProtoPack/Materials/Textures/WallCornerTextureW.png using Guid(34419113d7e0f5d49a992efd36d67679) Importer(815301076,1909f56bfc062723c751e8b465ee728b)  -> (artifact id: '8b3f961bbf77ee36293e0ba6a1e2fb9b') in 0.016272 seconds 
Number of updated asset objects reloaded before import = 0
Number of asset objects unloaded after import = 2
========================================================================
Received Import Request.
  Time since last request: 0.000024 seconds.
  path: Assets/ProtoPack/Materials/Textures/DoorTexture.png
  artifactKey: Guid(473ffb2adde5d874d9d92e23ecc5f3e9) Importer(815301076,1909f56bfc062723c751e8b465ee728b)
Start importing Assets/ProtoPack/Materials/Textures/DoorTexture.png using Guid(473ffb2adde5d874d9d92e23ecc5f3e9) Importer(815301076,1909f56bfc062723c751e8b465ee728b)  -> (artifact id: 'd5d415f326ebce8835ff78a098e61872') in 0.014110 seconds 
Number of updated asset objects reloaded before import = 0
Number of asset objects unloaded after import = 2
========================================================================
Received Import Request.
  Time since last request: 0.000019 seconds.
  path: Assets/ProtoPack/Materials/Textures/DiamondTexture.png
  artifactKey: Guid(336599315d5cb18428d1bc42e292bd46) Importer(815301076,1909f56bfc062723c751e8b465ee728b)
Start importing Assets/ProtoPack/Materials/Textures/DiamondTexture.png using Guid(336599315d5cb18428d1bc42e292bd46) Importer(815301076,1909f56bfc062723c751e8b465ee728b)  -> (artifact id: '60c63c1ca61946070a57bd1a1282e224') in 0.014765 seconds 
Number of updated asset objects reloaded before import = 0
Number of asset objects unloaded after import = 2
========================================================================
Received Import Request.
  Time since last request: 0.000038 seconds.
  path: Assets/ProtoPack/Materials/Textures/StopwatchTexture.png
  artifactKey: Guid(a742c7edd01289245a44827431bc29c4) Importer(815301076,1909f56bfc062723c751e8b465ee728b)
Start importing Assets/ProtoPack/Materials/Textures/StopwatchTexture.png using Guid(a742c7edd01289245a44827431bc29c4) Importer(815301076,1909f56bfc062723c751e8b465ee728b)  -> (artifact id: '864776764e068ae8e53badcee39f9a6b') in 0.014471 seconds 
Number of updated asset objects reloaded before import = 0
Number of asset objects unloaded after import = 2
========================================================================
Received Import Request.
  Time since last request: 0.000020 seconds.
  path: Assets/ProtoPack/Materials/Textures/SignpostTexture.png
  artifactKey: Guid(8927426c0ba7e0d44a521557d5da65be) Importer(815301076,1909f56bfc062723c751e8b465ee728b)
Start importing Assets/ProtoPack/Materials/Textures/SignpostTexture.png using Guid(8927426c0ba7e0d44a521557d5da65be) Importer(815301076,1909f56bfc062723c751e8b465ee728b)  -> (artifact id: '5a03a6501418ab6f69075e79bc4cdc09') in 0.013001 seconds 
Number of updated asset objects reloaded before import = 0
Number of asset objects unloaded after import = 2
