Using pre-set license
Built from '2023.1/staging' branch; Version is '2023.1.0b8 (9965205505b4) revision 10052896'; Using compiler version '192829333'; Build Type 'Release'
OS: 'Windows 11  (10.0.22621) 64bit Professional' Language: 'en' Physical Memory: 16163 MB
BatchMode: 1, IsHumanControllingUs: 0, StartBugReporterOnCrash: 0, Is64bit: 1, IsPro: 1

COMMAND LINE ARGUMENTS:
C:\Program Files\Unity 2023.1.0b8\Editor\Unity.exe
-adb2
-batchMode
-noUpm
-name
AssetImportWorker1
-projectPath
C:/Users/Darwinism/Documents/Programming/Code/HarvardEDx/cs50g/week/8/helicopter
-logFile
Logs/AssetImportWorker1.log
-srvPort
61343
Successfully changed project path to: C:/Users/Darwinism/Documents/Programming/Code/HarvardEDx/cs50g/week/8/helicopter
C:/Users/Darwinism/Documents/Programming/Code/HarvardEDx/cs50g/week/8/helicopter
[UnityMemory] Configuration Parameters - Can be set up in boot.config
    "memorysetup-bucket-allocator-granularity=16"
    "memorysetup-bucket-allocator-bucket-count=8"
    "memorysetup-bucket-allocator-block-size=33554432"
    "memorysetup-bucket-allocator-block-count=8"
    "memorysetup-main-allocator-block-size=16777216"
    "memorysetup-thread-allocator-block-size=16777216"
    "memorysetup-gfx-main-allocator-block-size=16777216"
    "memorysetup-gfx-thread-allocator-block-size=16777216"
    "memorysetup-cache-allocator-block-size=4194304"
    "memorysetup-typetree-allocator-block-size=2097152"
    "memorysetup-profiler-bucket-allocator-granularity=16"
    "memorysetup-profiler-bucket-allocator-bucket-count=8"
    "memorysetup-profiler-bucket-allocator-block-size=33554432"
    "memorysetup-profiler-bucket-allocator-block-count=8"
    "memorysetup-profiler-allocator-block-size=16777216"
    "memorysetup-profiler-editor-allocator-block-size=1048576"
    "memorysetup-temp-allocator-size-main=16777216"
    "memorysetup-job-temp-allocator-block-size=2097152"
    "memorysetup-job-temp-allocator-block-size-background=1048576"
    "memorysetup-job-temp-allocator-reduction-small-platforms=262144"
    "memorysetup-temp-allocator-size-background-worker=32768"
    "memorysetup-temp-allocator-size-job-worker=262144"
    "memorysetup-temp-allocator-size-preload-manager=33554432"
    "memorysetup-temp-allocator-size-nav-mesh-worker=65536"
    "memorysetup-temp-allocator-size-audio-worker=65536"
    "memorysetup-temp-allocator-size-cloud-worker=32768"
    "memorysetup-temp-allocator-size-gi-baking-worker=262144"
    "memorysetup-temp-allocator-size-gfx=262144"
Player connection [5412] Host "[IP] 192.168.56.1 [Port] 0 [Flags] 2 [Guid] 1704413842 [EditorId] 1704413842 [Version] 1048832 [Id] WindowsEditor(7,Pencil) [Debug] 1 [PackageName] WindowsEditor [ProjectName] Editor" joined multi-casting on [225.0.0.222:54997]...

Player connection [5412] Host "[IP] 192.168.56.1 [Port] 0 [Flags] 2 [Guid] 1704413842 [EditorId] 1704413842 [Version] 1048832 [Id] WindowsEditor(7,Pencil) [Debug] 1 [PackageName] WindowsEditor [ProjectName] Editor" joined alternative multi-casting on [225.0.0.222:34997]...

Library Redirect Path: Library/Refreshing native plugins compatible for Editor in 14.72 ms, found 2 plugins.
Preloading 0 native plugins for Editor in 0.00 ms.
Initialize engine version: 2023.1.0b8 (9965205505b4)
[Subsystems] Discovering subsystems at path C:/Program Files/Unity 2023.1.0b8/Editor/Data/Resources/UnitySubsystems
[Subsystems] Discovering subsystems at path C:/Users/Darwinism/Documents/Programming/Code/HarvardEDx/cs50g/week/8/helicopter/Assets
GfxDevice: creating device client; threaded=0; jobified=0
Direct3D:
    Version:  Direct3D 11.0 [level 11.1]
    Renderer: NVIDIA GeForce RTX 3050 Ti Laptop GPU (ID=0x25a0)
    Vendor:   NVIDIA
    VRAM:     3976 MB
    Driver:   31.0.15.2849
Initialize mono
Mono path[0] = 'C:/Program Files/Unity 2023.1.0b8/Editor/Data/Managed'
Mono path[1] = 'C:/Program Files/Unity 2023.1.0b8/Editor/Data/MonoBleedingEdge/lib/mono/unityjit-win32'
Mono config path = 'C:/Program Files/Unity 2023.1.0b8/Editor/Data/MonoBleedingEdge/etc'
Using monoOptions --debugger-agent=transport=dt_socket,embedding=1,server=y,suspend=n,address=127.0.0.1:56344
Begin MonoManager ReloadAssembly
C:\build\output\Unity-Technologies\mono\mono\metadata\icall.c:1842:
C:\build\output\Unity-Technologies\mono\mono\metadata\icall.c:1842:
C:\build\output\Unity-Technologies\mono\mono\metadata\icall.c:1842:
C:\build\output\Unity-Technologies\mono\mono\metadata\icall.c:1842:
C:\build\output\Unity-Technologies\mono\mono\metadata\icall.c:1842:
C:\build\output\Unity-Technologies\mono\mono\metadata\icall.c:1842:
C:\build\output\Unity-Technologies\mono\mono\metadata\icall.c:1842:
C:\build\output\Unity-Technologies\mono\mono\metadata\icall.c:1842:
C:\build\output\Unity-Technologies\mono\mono\metadata\icall.c:1842:
C:\build\output\Unity-Technologies\mono\mono\metadata\icall.c:1842:
Registering precompiled unity dll's ...
Register platform support module: C:/Program Files/Unity 2023.1.0b8/Editor/Data/PlaybackEngines/WindowsStandaloneSupport/UnityEditor.WindowsStandalone.Extensions.dll
Registered in 0.002182 seconds.
- Loaded All Assemblies, in  0.448 seconds
Native extension for WindowsStandalone target not found
Mono: successfully reloaded assembly
C:\build\output\Unity-Technologies\mono\mono\metadata\icall.c:1842:
C:\build\output\Unity-Technologies\mono\mono\metadata\icall.c:1842:
- Finished resetting the current domain, in  0.403 seconds
Domain Reload Profiling: 853ms
	BeginReloadAssembly (139ms)
		ExecutionOrderSort (0ms)
		DisableScriptedObjects (0ms)
		BackupInstance (0ms)
		ReleaseScriptingObjects (0ms)
		CreateAndSetChildDomain (1ms)
	RebuildCommonClasses (46ms)
	RebuildNativeTypeToScriptingClass (15ms)
	initialDomainReloadingComplete (56ms)
	LoadAllAssembliesAndSetupDomain (191ms)
		LoadAssemblies (136ms)
		RebuildTransferFunctionScriptingTraits (0ms)
		AnalyzeDomain (186ms)
			TypeCache.Refresh (185ms)
				TypeCache.ScanAssembly (167ms)
			ScanForSourceGeneratedMonoScriptInfo (1ms)
			ResolveRequiredComponents (1ms)
	FinalizeReload (406ms)
		ReleaseScriptCaches (0ms)
		RebuildScriptCaches (0ms)
		SetupLoadedEditorAssemblies (330ms)
			LogAssemblyErrors (0ms)
			InitializePlatformSupportModulesInManaged (11ms)
			SetLoadedEditorAssemblies (6ms)
			BeforeProcessingInitializeOnLoad (8ms)
			ProcessInitializeOnLoadAttributes (230ms)
			ProcessInitializeOnLoadMethodAttributes (75ms)
			AfterProcessingInitializeOnLoad (0ms)
			EditorAssembliesLoaded (0ms)
		ExecutionOrderSort2 (0ms)
		AwakeInstancesAfterBackupRestoration (0ms)
========================================================================
Worker process is ready to serve import requests
Import Worker Mode flag is 0x00
Begin MonoManager ReloadAssembly
C:\build\output\Unity-Technologies\mono\mono\metadata\icall.c:1842:
C:\build\output\Unity-Technologies\mono\mono\metadata\icall.c:1842:
C:\build\output\Unity-Technologies\mono\mono\metadata\icall.c:1842:
C:\build\output\Unity-Technologies\mono\mono\metadata\icall.c:1842:
C:\build\output\Unity-Technologies\mono\mono\metadata\icall.c:1842:
C:\build\output\Unity-Technologies\mono\mono\metadata\icall.c:1842:
C:\build\output\Unity-Technologies\mono\mono\metadata\icall.c:1842:
C:\build\output\Unity-Technologies\mono\mono\metadata\icall.c:1842:
C:\build\output\Unity-Technologies\mono\mono\metadata\icall.c:1842:
C:\build\output\Unity-Technologies\mono\mono\metadata\icall.c:1842:
C:\build\output\Unity-Technologies\mono\mono\metadata\icall.c:1842:
C:\build\output\Unity-Technologies\mono\mono\metadata\icall.c:1842:
- Loaded All Assemblies, in  1.336 seconds
Refreshing native plugins compatible for Editor in 10.88 ms, found 2 plugins.
Native extension for WindowsStandalone target not found
Mono: successfully reloaded assembly
- Finished resetting the current domain, in  1.028 seconds
Domain Reload Profiling: 2362ms
	BeginReloadAssembly (425ms)
		ExecutionOrderSort (0ms)
		DisableScriptedObjects (8ms)
		BackupInstance (0ms)
		ReleaseScriptingObjects (0ms)
		CreateAndSetChildDomain (50ms)
	RebuildCommonClasses (54ms)
	RebuildNativeTypeToScriptingClass (15ms)
	initialDomainReloadingComplete (68ms)
	LoadAllAssembliesAndSetupDomain (771ms)
		LoadAssemblies (460ms)
		RebuildTransferFunctionScriptingTraits (0ms)
		AnalyzeDomain (444ms)
			TypeCache.Refresh (395ms)
				TypeCache.ScanAssembly (365ms)
			ScanForSourceGeneratedMonoScriptInfo (43ms)
			ResolveRequiredComponents (5ms)
	FinalizeReload (1029ms)
		ReleaseScriptCaches (0ms)
		RebuildScriptCaches (0ms)
		SetupLoadedEditorAssemblies (675ms)
			LogAssemblyErrors (0ms)
			InitializePlatformSupportModulesInManaged (25ms)
			SetLoadedEditorAssemblies (4ms)
			BeforeProcessingInitializeOnLoad (108ms)
			ProcessInitializeOnLoadAttributes (328ms)
			ProcessInitializeOnLoadMethodAttributes (205ms)
			AfterProcessingInitializeOnLoad (4ms)
			EditorAssembliesLoaded (0ms)
		ExecutionOrderSort2 (0ms)
		AwakeInstancesAfterBackupRestoration (8ms)
Launched and connected shader compiler UnityShaderCompiler.exe after 0.02 seconds
Refreshing native plugins compatible for Editor in 16.08 ms, found 2 plugins.
Preloading 0 native plugins for Editor in 0.00 ms.
Unloading 2423 Unused Serialized files (Serialized files now loaded: 0)
Unloading 61 unused Assets / (64.4 KB). Loaded Objects now: 2944.
Memory consumption went from 110.5 MB to 110.4 MB.
Total: 24.113800 ms (FindLiveObjects: 1.894400 ms CreateObjectMapping: 1.583900 ms MarkObjects: 20.144000 ms  DeleteObjects: 0.481600 ms)

AssetImportParameters requested are different than current active one (requested -> active):
  custom:container-demuxer-ogg: 62fdf1f143b41e24485cea50d1cbac27 -> 
  custom:framework-win-MediaFoundation: 216162199b28c13a410421893ffa2e32 -> 
  custom:video-decoder-webm-vp8: 9c59270c3fd7afecdb556c50c9e8de78 -> 
  custom:audio-encoder-webm-vorbis: bf7c407c2cedff20999df2af8eb42d56 -> 
  custom:video-decoder-ogg-theora: a1e56fd34408186e4bbccfd4996cb3dc -> 
  custom:container-muxer-webm: aa71ff27fc2769a1b78a27578f13a17b -> 
  custom:AudioImporter_EditorPlatform: d09bf68614088b80899f8185d706f6e7 -> 
  custom:audio-decoder-ogg-vorbis: bf7c407c2cedff20999df2af8eb42d56 -> 
  custom:video-codec-MediaFoundation-h265: 746d11721c4dcdbdad8f713fa42b33f4 -> 
  custom:container-demuxer-webm: 4f35f7cbe854078d1ac9338744f61a02 -> 
  custom:video-encoder-webm-vp8: eb34c28f22e8b96e1ab97ce403110664 -> 
========================================================================
Received Import Request.
  Time since last request: 467932.860847 seconds.
  path: Assets/ProtoPack/Models/Player.FBX
  artifactKey: Guid(ca7aadabb174a104e81bf2306f98fc87) Importer(815301076,1909f56bfc062723c751e8b465ee728b)
Start importing Assets/ProtoPack/Models/Player.FBX using Guid(ca7aadabb174a104e81bf2306f98fc87) Importer(815301076,1909f56bfc062723c751e8b465ee728b)  -> (artifact id: '992908f1c3752de8959c6ed507db8725') in 0.657990 seconds 
Number of updated asset objects reloaded before import = 0
Number of asset objects unloaded after import = 102
========================================================================
Received Import Request.
  Time since last request: 0.000041 seconds.
  path: Assets/ProtoPack/Models/Heart.FBX
  artifactKey: Guid(9c2413a1021af9f40a88a30ec6cbd888) Importer(815301076,1909f56bfc062723c751e8b465ee728b)
Start importing Assets/ProtoPack/Models/Heart.FBX using Guid(9c2413a1021af9f40a88a30ec6cbd888) Importer(815301076,1909f56bfc062723c751e8b465ee728b)  -> (artifact id: '700db0b49967e8a3762475d14cb2ec86') in 0.029354 seconds 
Number of updated asset objects reloaded before import = 0
Number of asset objects unloaded after import = 9
========================================================================
Received Import Request.
  Time since last request: 0.000036 seconds.
  path: Assets/ProtoPack/Models/Stopwatch.FBX
  artifactKey: Guid(59f9abfcfaf588d47a2a53d4e7a198bd) Importer(815301076,1909f56bfc062723c751e8b465ee728b)
Start importing Assets/ProtoPack/Models/Stopwatch.FBX using Guid(59f9abfcfaf588d47a2a53d4e7a198bd) Importer(815301076,1909f56bfc062723c751e8b465ee728b)  -> (artifact id: '28f9b3589c2cd477aaffa4534b9a5deb') in 0.036273 seconds 
Number of updated asset objects reloaded before import = 0
Number of asset objects unloaded after import = 9
========================================================================
Received Import Request.
  Time since last request: 0.003303 seconds.
  path: Assets/ProtoPack
  artifactKey: Guid(10a1c2b98569c7d429beb01ca791e4b0) Importer(815301076,1909f56bfc062723c751e8b465ee728b)
Start importing Assets/ProtoPack using Guid(10a1c2b98569c7d429beb01ca791e4b0) Importer(815301076,1909f56bfc062723c751e8b465ee728b)  -> (artifact id: 'a01e56c22ce77df583c9789b98cfc583') in 0.001015 seconds 
Number of updated asset objects reloaded before import = 0
Number of asset objects unloaded after import = 0
========================================================================
Received Import Request.
  Time since last request: 0.000387 seconds.
  path: Assets/ProtoPack/Models/WallCorner.FBX
  artifactKey: Guid(909b4e3faa7a6a743a5f40cfc0b419f3) Importer(815301076,1909f56bfc062723c751e8b465ee728b)
Start importing Assets/ProtoPack/Models/WallCorner.FBX using Guid(909b4e3faa7a6a743a5f40cfc0b419f3) Importer(815301076,1909f56bfc062723c751e8b465ee728b)  -> (artifact id: 'db855ef227c7add694f3d3d92bc317ea') in 0.032240 seconds 
Number of updated asset objects reloaded before import = 0
Number of asset objects unloaded after import = 9
========================================================================
Received Import Request.
  Time since last request: 0.000028 seconds.
  path: Assets/ProtoPack/Models/Spikes.FBX
  artifactKey: Guid(822fa157f056c884db76790c583c2fd7) Importer(815301076,1909f56bfc062723c751e8b465ee728b)
Start importing Assets/ProtoPack/Models/Spikes.FBX using Guid(822fa157f056c884db76790c583c2fd7) Importer(815301076,1909f56bfc062723c751e8b465ee728b)  -> (artifact id: '955a93af536793f81ec2769b980b5608') in 0.059090 seconds 
Number of updated asset objects reloaded before import = 0
Number of asset objects unloaded after import = 9
========================================================================
Received Import Request.
  Time since last request: 0.000065 seconds.
  path: Assets/ProtoPack/Models/FirstAid.FBX
  artifactKey: Guid(a9a5dbd7dc8ad434c830b12349df4455) Importer(815301076,1909f56bfc062723c751e8b465ee728b)
Start importing Assets/ProtoPack/Models/FirstAid.FBX using Guid(a9a5dbd7dc8ad434c830b12349df4455) Importer(815301076,1909f56bfc062723c751e8b465ee728b)  -> (artifact id: '776af5bf91f41b93418aabb95a4412b3') in 0.029932 seconds 
Number of updated asset objects reloaded before import = 0
Number of asset objects unloaded after import = 9
========================================================================
Received Import Request.
  Time since last request: 0.000014 seconds.
  path: Assets/ProtoPack/Models/Coin.FBX
  artifactKey: Guid(f810a82c4bf58d646b9ef8bdce1668a3) Importer(815301076,1909f56bfc062723c751e8b465ee728b)
Start importing Assets/ProtoPack/Models/Coin.FBX using Guid(f810a82c4bf58d646b9ef8bdce1668a3) Importer(815301076,1909f56bfc062723c751e8b465ee728b)  -> (artifact id: '74d1c0d800f18c95499d77e03feab342') in 0.031763 seconds 
Number of updated asset objects reloaded before import = 0
Number of asset objects unloaded after import = 9
========================================================================
Received Import Request.
  Time since last request: 0.000029 seconds.
  path: Assets/ProtoPack/Models/Signpost.FBX
  artifactKey: Guid(9a2921b8237a291408ca196a36118d93) Importer(815301076,1909f56bfc062723c751e8b465ee728b)
Start importing Assets/ProtoPack/Models/Signpost.FBX using Guid(9a2921b8237a291408ca196a36118d93) Importer(815301076,1909f56bfc062723c751e8b465ee728b)  -> (artifact id: '904f291335f462f612d39b65a0d514e1') in 0.024324 seconds 
Number of updated asset objects reloaded before import = 0
Number of asset objects unloaded after import = 9
========================================================================
Received Import Request.
  Time since last request: 0.000026 seconds.
  path: Assets/ProtoPack/Models/Star.FBX
  artifactKey: Guid(6b6696cce671505479700ed6b4c3d105) Importer(815301076,1909f56bfc062723c751e8b465ee728b)
Start importing Assets/ProtoPack/Models/Star.FBX using Guid(6b6696cce671505479700ed6b4c3d105) Importer(815301076,1909f56bfc062723c751e8b465ee728b)  -> (artifact id: '49027e39606d8d6614f2ca6567b25eba') in 0.030256 seconds 
Number of updated asset objects reloaded before import = 0
Number of asset objects unloaded after import = 9
========================================================================
Received Prepare
Begin MonoManager ReloadAssembly
C:\build\output\Unity-Technologies\mono\mono\metadata\icall.c:1842:
C:\build\output\Unity-Technologies\mono\mono\metadata\icall.c:1842:
C:\build\output\Unity-Technologies\mono\mono\metadata\icall.c:1842:
C:\build\output\Unity-Technologies\mono\mono\metadata\icall.c:1842:
C:\build\output\Unity-Technologies\mono\mono\metadata\icall.c:1842:
C:\build\output\Unity-Technologies\mono\mono\metadata\icall.c:1842:
C:\build\output\Unity-Technologies\mono\mono\metadata\icall.c:1842:
C:\build\output\Unity-Technologies\mono\mono\metadata\icall.c:1842:
C:\build\output\Unity-Technologies\mono\mono\metadata\icall.c:1842:
C:\build\output\Unity-Technologies\mono\mono\metadata\icall.c:1842:
C:\build\output\Unity-Technologies\mono\mono\metadata\icall.c:1842:
C:\build\output\Unity-Technologies\mono\mono\metadata\icall.c:1842:
- Loaded All Assemblies, in  0.940 seconds
Refreshing native plugins compatible for Editor in 5.66 ms, found 2 plugins.
Native extension for WindowsStandalone target not found
Cancelling DisplayDialogComplex: Mobile Dependency Resolver required Mediation requires Mobile Dependency Resolver to resolve native dependencies.
 Would you like to import the package?
This should not be called in batch mode.
UnityEngine.StackTraceUtility:ExtractStackTrace ()
UnityEditor.EditorUtility:DisplayDialogComplex (string,string,string,string,string)
MobileDependencyResolver.Installer.Editor.MobileDependencyResolverInstaller:AskUserToInstallPackage () (at ./Library/PackageCache/com.unity.services.mediation@1.0.5/MobileDependencyResolver/Editor/MobileDependencyResolverInstaller.cs:38)
MobileDependencyResolver.Installer.Editor.MobileDependencyResolverInstaller:InstallPlayServicesResolverIfNeeded () (at ./Library/PackageCache/com.unity.services.mediation@1.0.5/MobileDependencyResolver/Editor/MobileDependencyResolverInstaller.cs:23)
System.Reflection.RuntimeMethodInfo:Invoke (object,System.Reflection.BindingFlags,System.Reflection.Binder,object[],System.Globalization.CultureInfo)
System.Reflection.MethodBase:Invoke (object,object[])
UnityEditor.EditorAssemblies:ProcessInitializeOnLoadMethodAttributes ()

[./Library/PackageCache/com.unity.services.mediation@1.0.5/MobileDependencyResolver/Editor/MobileDependencyResolverInstaller.cs line 38]

Mono: successfully reloaded assembly
- Finished resetting the current domain, in  1.103 seconds
Domain Reload Profiling: 2041ms
	BeginReloadAssembly (436ms)
		ExecutionOrderSort (0ms)
		DisableScriptedObjects (8ms)
		BackupInstance (0ms)
		ReleaseScriptingObjects (0ms)
		CreateAndSetChildDomain (64ms)
	RebuildCommonClasses (29ms)
	RebuildNativeTypeToScriptingClass (10ms)
	initialDomainReloadingComplete (19ms)
	LoadAllAssembliesAndSetupDomain (444ms)
		LoadAssemblies (282ms)
		RebuildTransferFunctionScriptingTraits (0ms)
		AnalyzeDomain (247ms)
			TypeCache.Refresh (223ms)
				TypeCache.ScanAssembly (206ms)
			ScanForSourceGeneratedMonoScriptInfo (21ms)
			ResolveRequiredComponents (2ms)
	FinalizeReload (1103ms)
		ReleaseScriptCaches (0ms)
		RebuildScriptCaches (0ms)
		SetupLoadedEditorAssemblies (657ms)
			LogAssemblyErrors (0ms)
			InitializePlatformSupportModulesInManaged (6ms)
			SetLoadedEditorAssemblies (5ms)
			BeforeProcessingInitializeOnLoad (114ms)
			ProcessInitializeOnLoadAttributes (326ms)
			ProcessInitializeOnLoadMethodAttributes (201ms)
			AfterProcessingInitializeOnLoad (4ms)
			EditorAssembliesLoaded (0ms)
		ExecutionOrderSort2 (0ms)
		AwakeInstancesAfterBackupRestoration (9ms)
Script is not up to date after domain reload: guid(97738b29c18143b0a469277b09d35889) path("Assets/MobileDependencyResolver/Editor/Google.JarResolver.dll") state(2)
Script is not up to date after domain reload: guid(a1e8415cfe85469f9aa0aea941166031) path("Assets/MobileDependencyResolver/Editor/Google.IOSResolver.dll") state(2)
Script is not up to date after domain reload: guid(369cd88e7aa04bd98e0f6c229f7c1510) path("Assets/MobileDependencyResolver/Editor/Google.VersionHandlerImpl.dll") state(2)
Script is not up to date after domain reload: guid(bb6999c8a5ce4ba99688ec579babe5b7) path("Assets/MobileDependencyResolver/Editor/Google.VersionHandler.dll") state(2)
Refreshing native plugins compatible for Editor in 9.29 ms, found 2 plugins.
Preloading 0 native plugins for Editor in 0.00 ms.
Unloading 2495 Unused Serialized files (Serialized files now loaded: 0)
Unloading 59 unused Assets / (47.5 KB). Loaded Objects now: 3122.
Memory consumption went from 112.4 MB to 112.4 MB.
Total: 8.960600 ms (FindLiveObjects: 0.502100 ms CreateObjectMapping: 0.157500 ms MarkObjects: 8.167200 ms  DeleteObjects: 0.129900 ms)

Prepare: number of updated asset objects reloaded= 0
AssetImportParameters requested are different than current active one (requested -> active):
  custom:container-demuxer-ogg: 62fdf1f143b41e24485cea50d1cbac27 -> 
  custom:framework-win-MediaFoundation: 216162199b28c13a410421893ffa2e32 -> 
  custom:video-decoder-webm-vp8: 9c59270c3fd7afecdb556c50c9e8de78 -> 
  custom:audio-encoder-webm-vorbis: bf7c407c2cedff20999df2af8eb42d56 -> 
  custom:video-decoder-ogg-theora: a1e56fd34408186e4bbccfd4996cb3dc -> 
  custom:container-muxer-webm: aa71ff27fc2769a1b78a27578f13a17b -> 
  custom:AudioImporter_EditorPlatform: d09bf68614088b80899f8185d706f6e7 -> 
  custom:audio-decoder-ogg-vorbis: bf7c407c2cedff20999df2af8eb42d56 -> 
  custom:video-codec-MediaFoundation-h265: 746d11721c4dcdbdad8f713fa42b33f4 -> 
  custom:container-demuxer-webm: 4f35f7cbe854078d1ac9338744f61a02 -> 
  custom:video-encoder-webm-vp8: eb34c28f22e8b96e1ab97ce403110664 -> 
========================================================================
Received Prepare
Begin MonoManager ReloadAssembly
C:\build\output\Unity-Technologies\mono\mono\metadata\icall.c:1842:
C:\build\output\Unity-Technologies\mono\mono\metadata\icall.c:1842:
C:\build\output\Unity-Technologies\mono\mono\metadata\icall.c:1842:
C:\build\output\Unity-Technologies\mono\mono\metadata\icall.c:1842:
C:\build\output\Unity-Technologies\mono\mono\metadata\icall.c:1842:
C:\build\output\Unity-Technologies\mono\mono\metadata\icall.c:1842:
C:\build\output\Unity-Technologies\mono\mono\metadata\icall.c:1842:
C:\build\output\Unity-Technologies\mono\mono\metadata\icall.c:1842:
C:\build\output\Unity-Technologies\mono\mono\metadata\icall.c:1842:
C:\build\output\Unity-Technologies\mono\mono\metadata\icall.c:1842:
C:\build\output\Unity-Technologies\mono\mono\metadata\icall.c:1842:
C:\build\output\Unity-Technologies\mono\mono\metadata\icall.c:1842:
- Loaded All Assemblies, in  0.915 seconds
Refreshing native plugins compatible for Editor in 5.90 ms, found 2 plugins.
Native extension for WindowsStandalone target not found
Mono: successfully reloaded assembly
- Finished resetting the current domain, in  0.889 seconds
Domain Reload Profiling: 1803ms
	BeginReloadAssembly (426ms)
		ExecutionOrderSort (0ms)
		DisableScriptedObjects (11ms)
		BackupInstance (0ms)
		ReleaseScriptingObjects (0ms)
		CreateAndSetChildDomain (58ms)
	RebuildCommonClasses (31ms)
	RebuildNativeTypeToScriptingClass (11ms)
	initialDomainReloadingComplete (21ms)
	LoadAllAssembliesAndSetupDomain (424ms)
		LoadAssemblies (282ms)
		RebuildTransferFunctionScriptingTraits (0ms)
		AnalyzeDomain (224ms)
			TypeCache.Refresh (209ms)
				TypeCache.ScanAssembly (195ms)
			ScanForSourceGeneratedMonoScriptInfo (13ms)
			ResolveRequiredComponents (2ms)
	FinalizeReload (890ms)
		ReleaseScriptCaches (0ms)
		RebuildScriptCaches (0ms)
		SetupLoadedEditorAssemblies (439ms)
			LogAssemblyErrors (0ms)
			InitializePlatformSupportModulesInManaged (6ms)
			SetLoadedEditorAssemblies (3ms)
			BeforeProcessingInitializeOnLoad (72ms)
			ProcessInitializeOnLoadAttributes (207ms)
			ProcessInitializeOnLoadMethodAttributes (148ms)
			AfterProcessingInitializeOnLoad (2ms)
			EditorAssembliesLoaded (0ms)
		ExecutionOrderSort2 (0ms)
		AwakeInstancesAfterBackupRestoration (6ms)
Refreshing native plugins compatible for Editor in 5.29 ms, found 2 plugins.
Preloading 0 native plugins for Editor in 0.00 ms.
Unloading 2499 Unused Serialized files (Serialized files now loaded: 0)
Unloading 62 unused Assets / (48.0 KB). Loaded Objects now: 3131.
Memory consumption went from 114.2 MB to 114.1 MB.
Total: 6.698100 ms (FindLiveObjects: 0.232000 ms CreateObjectMapping: 0.084600 ms MarkObjects: 6.288200 ms  DeleteObjects: 0.091900 ms)

Prepare: number of updated asset objects reloaded= 0
AssetImportParameters requested are different than current active one (requested -> active):
  custom:container-demuxer-ogg: 62fdf1f143b41e24485cea50d1cbac27 -> 
  custom:framework-win-MediaFoundation: 216162199b28c13a410421893ffa2e32 -> 
  custom:video-decoder-webm-vp8: 9c59270c3fd7afecdb556c50c9e8de78 -> 
  custom:audio-encoder-webm-vorbis: bf7c407c2cedff20999df2af8eb42d56 -> 
  custom:video-decoder-ogg-theora: a1e56fd34408186e4bbccfd4996cb3dc -> 
  custom:container-muxer-webm: aa71ff27fc2769a1b78a27578f13a17b -> 
  custom:AudioImporter_EditorPlatform: d09bf68614088b80899f8185d706f6e7 -> 
  custom:audio-decoder-ogg-vorbis: bf7c407c2cedff20999df2af8eb42d56 -> 
  custom:video-codec-MediaFoundation-h265: 746d11721c4dcdbdad8f713fa42b33f4 -> 
  custom:container-demuxer-webm: 4f35f7cbe854078d1ac9338744f61a02 -> 
  custom:video-encoder-webm-vp8: eb34c28f22e8b96e1ab97ce403110664 -> 
========================================================================
Received Import Request.
  Time since last request: 620.567859 seconds.
  path: Assets/ProtoPack/Materials/CoinTexture.mat
  artifactKey: Guid(1cea35320a20d47428f0d71909a01613) Importer(815301076,1909f56bfc062723c751e8b465ee728b)
Start importing Assets/ProtoPack/Materials/CoinTexture.mat using Guid(1cea35320a20d47428f0d71909a01613) Importer(815301076,1909f56bfc062723c751e8b465ee728b)  -> (artifact id: '686087a0f8da7811ceb9ee47b25f0f5e') in 0.112590 seconds 
Number of updated asset objects reloaded before import = 0
Number of asset objects unloaded after import = 2
========================================================================
Received Import Request.
  Time since last request: 0.000021 seconds.
  path: Assets/ProtoPack/Materials/SlimeTexture.mat
  artifactKey: Guid(ee93d6862e8524248bf6c7c3a134946e) Importer(815301076,1909f56bfc062723c751e8b465ee728b)
Start importing Assets/ProtoPack/Materials/SlimeTexture.mat using Guid(ee93d6862e8524248bf6c7c3a134946e) Importer(815301076,1909f56bfc062723c751e8b465ee728b)  -> (artifact id: '26b0d7066c661618936edf42f5aa763e') in 0.022806 seconds 
Number of updated asset objects reloaded before import = 0
Number of asset objects unloaded after import = 2
========================================================================
Received Import Request.
  Time since last request: 0.000026 seconds.
  path: Assets/ProtoPack/Materials/CrateTexture.mat
  artifactKey: Guid(a571ac2412eb5314997dc7ad39f4ddb0) Importer(815301076,1909f56bfc062723c751e8b465ee728b)
Start importing Assets/ProtoPack/Materials/CrateTexture.mat using Guid(a571ac2412eb5314997dc7ad39f4ddb0) Importer(815301076,1909f56bfc062723c751e8b465ee728b)  -> (artifact id: '3f5b3cf3a64ed5c278a6ce9a7244ff1b') in 0.036069 seconds 
Number of updated asset objects reloaded before import = 0
Number of asset objects unloaded after import = 2
========================================================================
Received Import Request.
  Time since last request: 0.000013 seconds.
  path: Assets/ProtoPack/Materials/HeartTexture.mat
  artifactKey: Guid(4bab2ed8a6908d14e904e104bbf0a8e7) Importer(815301076,1909f56bfc062723c751e8b465ee728b)
Start importing Assets/ProtoPack/Materials/HeartTexture.mat using Guid(4bab2ed8a6908d14e904e104bbf0a8e7) Importer(815301076,1909f56bfc062723c751e8b465ee728b)  -> (artifact id: 'f38858b4fe313ac450554e2b3473a9fd') in 0.034717 seconds 
Number of updated asset objects reloaded before import = 0
Number of asset objects unloaded after import = 2
========================================================================
Received Import Request.
  Time since last request: 0.000024 seconds.
  path: Assets/ProtoPack/Materials/StopwatchTexture.mat
  artifactKey: Guid(61883cdd0595c0845a447e325f6b3e80) Importer(815301076,1909f56bfc062723c751e8b465ee728b)
Start importing Assets/ProtoPack/Materials/StopwatchTexture.mat using Guid(61883cdd0595c0845a447e325f6b3e80) Importer(815301076,1909f56bfc062723c751e8b465ee728b)  -> (artifact id: 'f4abdef3e9a4f8c7dfc0efbc39aaaa74') in 0.030464 seconds 
Number of updated asset objects reloaded before import = 0
Number of asset objects unloaded after import = 2
========================================================================
Received Import Request.
  Time since last request: 0.000025 seconds.
  path: Assets/ProtoPack/Materials/FirstAidTexture.mat
  artifactKey: Guid(55e33aba0b6c151429142a653ba23620) Importer(815301076,1909f56bfc062723c751e8b465ee728b)
Start importing Assets/ProtoPack/Materials/FirstAidTexture.mat using Guid(55e33aba0b6c151429142a653ba23620) Importer(815301076,1909f56bfc062723c751e8b465ee728b)  -> (artifact id: 'c3b69da67c9e4d489a4425eb2ac25129') in 0.035056 seconds 
Number of updated asset objects reloaded before import = 0
Number of asset objects unloaded after import = 2
========================================================================
Received Import Request.
  Time since last request: 0.000035 seconds.
  path: Assets/ProtoPack/Materials/PlayerTexture.mat
  artifactKey: Guid(226414652a16d5b49ab53d6d0f19cdba) Importer(815301076,1909f56bfc062723c751e8b465ee728b)
Start importing Assets/ProtoPack/Materials/PlayerTexture.mat using Guid(226414652a16d5b49ab53d6d0f19cdba) Importer(815301076,1909f56bfc062723c751e8b465ee728b)  -> (artifact id: '2b3b126c2b7f69f2b9808377e844fbae') in 0.018777 seconds 
Number of updated asset objects reloaded before import = 0
Number of asset objects unloaded after import = 2
========================================================================
Received Import Request.
  Time since last request: 0.000024 seconds.
  path: Assets/ProtoPack/Materials/SpikesTexture.mat
  artifactKey: Guid(a40b2b9b46ac4554da0c52d925955137) Importer(815301076,1909f56bfc062723c751e8b465ee728b)
Start importing Assets/ProtoPack/Materials/SpikesTexture.mat using Guid(a40b2b9b46ac4554da0c52d925955137) Importer(815301076,1909f56bfc062723c751e8b465ee728b)  -> (artifact id: '056678bad6f2ecca7ca271148352ef72') in 0.020349 seconds 
Number of updated asset objects reloaded before import = 0
Number of asset objects unloaded after import = 2
========================================================================
Received Import Request.
  Time since last request: 0.000021 seconds.
  path: Assets/ProtoPack/Materials/WallTextureBlue.mat
  artifactKey: Guid(26da9909fc64dc344b4db08a14509528) Importer(815301076,1909f56bfc062723c751e8b465ee728b)
Start importing Assets/ProtoPack/Materials/WallTextureBlue.mat using Guid(26da9909fc64dc344b4db08a14509528) Importer(815301076,1909f56bfc062723c751e8b465ee728b)  -> (artifact id: '484175815c31a33be3eb772e15c8572e') in 0.016989 seconds 
Number of updated asset objects reloaded before import = 0
Number of asset objects unloaded after import = 2
========================================================================
Received Import Request.
  Time since last request: 0.000036 seconds.
  path: Assets/ProtoPack/Materials/WallTextureRed.mat
  artifactKey: Guid(9edf587f137dd3d4584c2087a2973a6f) Importer(815301076,1909f56bfc062723c751e8b465ee728b)
Start importing Assets/ProtoPack/Materials/WallTextureRed.mat using Guid(9edf587f137dd3d4584c2087a2973a6f) Importer(815301076,1909f56bfc062723c751e8b465ee728b)  -> (artifact id: 'd2bc4f90f8ea8615360542fd0ab08843') in 0.018685 seconds 
Number of updated asset objects reloaded before import = 0
Number of asset objects unloaded after import = 2
========================================================================
Received Import Request.
  Time since last request: 0.000026 seconds.
  path: Assets/ProtoPack/Materials/WallCornerTexture.mat
  artifactKey: Guid(adeef9dcfb9abce4d9459b2755a79040) Importer(815301076,1909f56bfc062723c751e8b465ee728b)
Start importing Assets/ProtoPack/Materials/WallCornerTexture.mat using Guid(adeef9dcfb9abce4d9459b2755a79040) Importer(815301076,1909f56bfc062723c751e8b465ee728b)  -> (artifact id: '87811e4b5f27bdc6cbe839cbf7b2f4a8') in 0.021733 seconds 
Number of updated asset objects reloaded before import = 0
Number of asset objects unloaded after import = 2
========================================================================
Received Import Request.
  Time since last request: 0.000054 seconds.
  path: Assets/ProtoPack/Materials/PlatformTexture.mat
  artifactKey: Guid(98190da2f349e4241b84334b05e3c3e7) Importer(815301076,1909f56bfc062723c751e8b465ee728b)
Start importing Assets/ProtoPack/Materials/PlatformTexture.mat using Guid(98190da2f349e4241b84334b05e3c3e7) Importer(815301076,1909f56bfc062723c751e8b465ee728b)  -> (artifact id: '6ed93c5c076f9875219b2d4cd4c251ca') in 0.014592 seconds 
Number of updated asset objects reloaded before import = 0
Number of asset objects unloaded after import = 2
========================================================================
Received Import Request.
  Time since last request: 0.000031 seconds.
  path: Assets/ProtoPack/Materials/KeyTexture.mat
  artifactKey: Guid(9cbc55ed513fe50499532a803ea00575) Importer(815301076,1909f56bfc062723c751e8b465ee728b)
Start importing Assets/ProtoPack/Materials/KeyTexture.mat using Guid(9cbc55ed513fe50499532a803ea00575) Importer(815301076,1909f56bfc062723c751e8b465ee728b)  -> (artifact id: 'e3a770aad1a4efe67f3c945a57f7c010') in 0.019942 seconds 
Number of updated asset objects reloaded before import = 0
Number of asset objects unloaded after import = 2
========================================================================
Received Import Request.
  Time since last request: 1.151191 seconds.
  path: Assets/ProtoPack/Materials/Textures/CoinTexture.png
  artifactKey: Guid(cf5e2414a95b6e649b120142f52c25fd) Importer(815301076,1909f56bfc062723c751e8b465ee728b)
Start importing Assets/ProtoPack/Materials/Textures/CoinTexture.png using Guid(cf5e2414a95b6e649b120142f52c25fd) Importer(815301076,1909f56bfc062723c751e8b465ee728b)  -> (artifact id: '71e402b69b315f020ce94897b52c90bc') in 0.019417 seconds 
Number of updated asset objects reloaded before import = 0
Number of asset objects unloaded after import = 2
========================================================================
Received Import Request.
  Time since last request: 0.000020 seconds.
  path: Assets/ProtoPack/Materials/Textures/KeyTexture.png
  artifactKey: Guid(669a9b1b35549c045aa579c14b443e15) Importer(815301076,1909f56bfc062723c751e8b465ee728b)
Start importing Assets/ProtoPack/Materials/Textures/KeyTexture.png using Guid(669a9b1b35549c045aa579c14b443e15) Importer(815301076,1909f56bfc062723c751e8b465ee728b)  -> (artifact id: '59c053def6be0f0d9b02eba27e98bdda') in 0.012077 seconds 
Number of updated asset objects reloaded before import = 0
Number of asset objects unloaded after import = 2
========================================================================
Received Import Request.
  Time since last request: 0.000026 seconds.
  path: Assets/ProtoPack/Materials/Textures/SpikesTexture.png
  artifactKey: Guid(70fb088f11d15234c882583d02f627bf) Importer(815301076,1909f56bfc062723c751e8b465ee728b)
Start importing Assets/ProtoPack/Materials/Textures/SpikesTexture.png using Guid(70fb088f11d15234c882583d02f627bf) Importer(815301076,1909f56bfc062723c751e8b465ee728b)  -> (artifact id: '30be32ad69f4cb3376074578441658c2') in 0.013970 seconds 
Number of updated asset objects reloaded before import = 0
Number of asset objects unloaded after import = 2
========================================================================
Received Import Request.
  Time since last request: 0.000071 seconds.
  path: Assets/ProtoPack/Materials/Textures/PlatformTexture.png
  artifactKey: Guid(5c8188f718d408d40a4015ee2ee4f500) Importer(815301076,1909f56bfc062723c751e8b465ee728b)
Start importing Assets/ProtoPack/Materials/Textures/PlatformTexture.png using Guid(5c8188f718d408d40a4015ee2ee4f500) Importer(815301076,1909f56bfc062723c751e8b465ee728b)  -> (artifact id: '048f724e6e349c34cee37a105953a5cd') in 0.012818 seconds 
Number of updated asset objects reloaded before import = 0
Number of asset objects unloaded after import = 2
========================================================================
Received Import Request.
  Time since last request: 0.000023 seconds.
  path: Assets/ProtoPack/Materials/Textures/FirstAidTexture.png
  artifactKey: Guid(b62792c75e3e6a0498f14d9fc840ebb7) Importer(815301076,1909f56bfc062723c751e8b465ee728b)
Start importing Assets/ProtoPack/Materials/Textures/FirstAidTexture.png using Guid(b62792c75e3e6a0498f14d9fc840ebb7) Importer(815301076,1909f56bfc062723c751e8b465ee728b)  -> (artifact id: '9bc33f586b46e8eff19e3559bf6efc0b') in 0.015565 seconds 
Number of updated asset objects reloaded before import = 0
Number of asset objects unloaded after import = 2
========================================================================
Received Import Request.
  Time since last request: 0.000032 seconds.
  path: Assets/ProtoPack/Materials/Textures/RockTexture.png
  artifactKey: Guid(22601d2b8ceb9d64d9be56dc594221a1) Importer(815301076,1909f56bfc062723c751e8b465ee728b)
Start importing Assets/ProtoPack/Materials/Textures/RockTexture.png using Guid(22601d2b8ceb9d64d9be56dc594221a1) Importer(815301076,1909f56bfc062723c751e8b465ee728b)  -> (artifact id: '7e7184dbee8ade6893bedf3d7b5c4b2f') in 0.015254 seconds 
Number of updated asset objects reloaded before import = 0
Number of asset objects unloaded after import = 2
========================================================================
Received Import Request.
  Time since last request: 0.000021 seconds.
  path: Assets/ProtoPack/Materials/Textures/WallTextureW.png
  artifactKey: Guid(4a87ef62b6d03d54ba1e5fff241db8c4) Importer(815301076,1909f56bfc062723c751e8b465ee728b)
Start importing Assets/ProtoPack/Materials/Textures/WallTextureW.png using Guid(4a87ef62b6d03d54ba1e5fff241db8c4) Importer(815301076,1909f56bfc062723c751e8b465ee728b)  -> (artifact id: 'e0ab525586a151daf375efdf2ba62479') in 0.014178 seconds 
Number of updated asset objects reloaded before import = 0
Number of asset objects unloaded after import = 2
========================================================================
Received Import Request.
  Time since last request: 0.000026 seconds.
  path: Assets/ProtoPack/Materials/Textures/CrateTexture.png
  artifactKey: Guid(d542d1131eed75447bc06cc942296fba) Importer(815301076,1909f56bfc062723c751e8b465ee728b)
Start importing Assets/ProtoPack/Materials/Textures/CrateTexture.png using Guid(d542d1131eed75447bc06cc942296fba) Importer(815301076,1909f56bfc062723c751e8b465ee728b)  -> (artifact id: 'fb642ebc29112ada2ea12c3892f53f8d') in 0.013935 seconds 
Number of updated asset objects reloaded before import = 0
Number of asset objects unloaded after import = 2
========================================================================
Received Import Request.
  Time since last request: 0.000019 seconds.
  path: Assets/ProtoPack/Materials/Textures/PlayerTexture.png
  artifactKey: Guid(724b0de3cd5cbeb4283feb7f14cf2ae1) Importer(815301076,1909f56bfc062723c751e8b465ee728b)
Start importing Assets/ProtoPack/Materials/Textures/PlayerTexture.png using Guid(724b0de3cd5cbeb4283feb7f14cf2ae1) Importer(815301076,1909f56bfc062723c751e8b465ee728b)  -> (artifact id: '8b04c0dc714b888f3c7e8616cd4ed475') in 0.013421 seconds 
Number of updated asset objects reloaded before import = 0
Number of asset objects unloaded after import = 2
========================================================================
Received Import Request.
  Time since last request: 0.000048 seconds.
  path: Assets/ProtoPack/Materials/Textures/StarTexture.png
  artifactKey: Guid(bc8b2eee1dd75b748a7dab8ddb7a47f8) Importer(815301076,1909f56bfc062723c751e8b465ee728b)
Start importing Assets/ProtoPack/Materials/Textures/StarTexture.png using Guid(bc8b2eee1dd75b748a7dab8ddb7a47f8) Importer(815301076,1909f56bfc062723c751e8b465ee728b)  -> (artifact id: '3ddf7eb14f439fc45789757f5799483f') in 0.014175 seconds 
Number of updated asset objects reloaded before import = 0
Number of asset objects unloaded after import = 2
